<?xml version="1.0" encoding="UTF-8"?>
<testsuite name="by.itacademy.integration.CompanyServiceIT" tests="1" skipped="0" failures="0" errors="0" timestamp="2023-05-26T17:37:22" hostname="KALV-15-06" time="0.109">
  <properties/>
  <testcase name="findById()" classname="by.itacademy.integration.CompanyServiceIT" time="0.109"/>
  <system-out><![CDATA[
  .   ____          _            __ _ _
 /\\ / ___'_ __ _ _(_)_ __  __ _ \ \ \ \
( ( )\___ | '_ | '_| | '_ \/ _` | \ \ \ \
 \\/  ___)| |_)| | | | | || (_| |  ) ) ) )
  '  |____| .__|_| |_|_| |_\__, | / / / /
 =========|_|==============|___/=/_/_/_/
 :: Spring Boot ::                (v3.1.0)

2023-05-26T20:37:21.192+03:00  INFO 9292 --- [    Test worker] b.i.spring.database.pool.ConnectionPool  : Init pool
JpaConfiguration is enabled
2023-05-26T20:37:22.143+03:00  INFO 9292 --- [    Test worker] b.i.spring.database.pool.ConnectionPool  : Init pool
findById method...
]]></system-out>
  <system-err><![CDATA[]]></system-err>
</testsuite>
