<?xml version="1.0" encoding="UTF-8"?>
<testsuite name="by.itacademy.integration.UserServiceIT" tests="1" skipped="0" failures="0" errors="0" timestamp="2023-05-26T17:25:49" hostname="KALV-15-06" time="0.005">
  <properties/>
  <testcase name="test()" classname="by.itacademy.integration.UserServiceIT" time="0.005"/>
  <system-out><![CDATA[]]></system-out>
  <system-err><![CDATA[]]></system-err>
</testsuite>
